e:\qt\qt_edit\qtguiedit\qtguiedit\x64\debug\qrc_qtguiedit.obj
e:\qt\qt_edit\qtguiedit\qtguiedit\x64\debug\moc_qtguiedit.obj
e:\qt\qt_edit\qtguiedit\qtguiedit\x64\debug\vc142.pdb
e:\qt\qt_edit\qtguiedit\qtguiedit\x64\debug\main.obj
e:\qt\qt_edit\qtguiedit\qtguiedit\x64\debug\qtguiedit.obj
e:\qt\qt_edit\qtguiedit\x64\debug\qtguiedit.exe
e:\qt\qt_edit\qtguiedit\x64\debug\qtguiedit.ilk
e:\qt\qt_edit\qtguiedit\x64\debug\qtguiedit.pdb
e:\qt\qt_edit\qtguiedit\qtguiedit\x64\debug\\moc\moc_qtguiedit.cpp
e:\qt\qt_edit\qtguiedit\qtguiedit\x64\debug\uic\ui_qtguiedit.h
e:\qt\qt_edit\qtguiedit\qtguiedit\x64\debug\rcc\qrc_qtguiedit.cpp
e:\qt\qt_edit\qtguiedit\qtguiedit\x64\debug\moc\moc_qtguiedit.cpp
e:\qt\qt_edit\qtguiedit\qtguiedit\x64\debug\\rcc\qrc_qtguiedit.cpp
e:\qt\qt_edit\qtguiedit\qtguiedit\x64\debug\\uic\ui_qtguiedit.h
e:\qt\qt_edit\qtguiedit\qtguiedit\x64\debug\qtguiedit.tlog\cl.command.1.tlog
e:\qt\qt_edit\qtguiedit\qtguiedit\x64\debug\qtguiedit.tlog\cl.read.1.tlog
e:\qt\qt_edit\qtguiedit\qtguiedit\x64\debug\qtguiedit.tlog\cl.write.1.tlog
e:\qt\qt_edit\qtguiedit\qtguiedit\x64\debug\qtguiedit.tlog\link.13260.delete.1.tlog
e:\qt\qt_edit\qtguiedit\qtguiedit\x64\debug\qtguiedit.tlog\link.13788.delete.1.tlog
e:\qt\qt_edit\qtguiedit\qtguiedit\x64\debug\qtguiedit.tlog\link.14876.delete.1.tlog
e:\qt\qt_edit\qtguiedit\qtguiedit\x64\debug\qtguiedit.tlog\link.17508.delete.1.tlog
e:\qt\qt_edit\qtguiedit\qtguiedit\x64\debug\qtguiedit.tlog\link.18576.delete.1.tlog
e:\qt\qt_edit\qtguiedit\qtguiedit\x64\debug\qtguiedit.tlog\link.18644.delete.1.tlog
e:\qt\qt_edit\qtguiedit\qtguiedit\x64\debug\qtguiedit.tlog\link.18836.delete.1.tlog
e:\qt\qt_edit\qtguiedit\qtguiedit\x64\debug\qtguiedit.tlog\link.6608.delete.1.tlog
e:\qt\qt_edit\qtguiedit\qtguiedit\x64\debug\qtguiedit.tlog\link.command.1.tlog
e:\qt\qt_edit\qtguiedit\qtguiedit\x64\debug\qtguiedit.tlog\link.delete.1.tlog
e:\qt\qt_edit\qtguiedit\qtguiedit\x64\debug\qtguiedit.tlog\link.read.1.tlog
e:\qt\qt_edit\qtguiedit\qtguiedit\x64\debug\qtguiedit.tlog\link.write.1.tlog
e:\qt\qt_edit\qtguiedit\qtguiedit\x64\debug\qtguiedit.tlog\moc.read.1u.tlog
e:\qt\qt_edit\qtguiedit\qtguiedit\x64\debug\qtguiedit.tlog\moc.write.1u.tlog
e:\qt\qt_edit\qtguiedit\qtguiedit\x64\debug\qtguiedit.tlog\qtguiedit.write.1u.tlog
e:\qt\qt_edit\qtguiedit\qtguiedit\x64\debug\qtguiedit.tlog\rcc.read.1u.tlog
e:\qt\qt_edit\qtguiedit\qtguiedit\x64\debug\qtguiedit.tlog\rcc.write.1u.tlog
e:\qt\qt_edit\qtguiedit\qtguiedit\x64\debug\qtguiedit.tlog\uic.read.1u.tlog
e:\qt\qt_edit\qtguiedit\qtguiedit\x64\debug\qtguiedit.tlog\uic.write.1u.tlog
